execve("/usr/bin/mmbeltunnel", ["mmbeltunnel", "-s", "1", "-d", "127.0.0.1", "-u", "5412", "-e", "12345", "-y", "./bign-curve256v1.key", "-r", "./cert.pem", "-k", "1025285123456", "-p", "1025285"], 0x7ffc458dde70 /* 31 vars */) = 0
brk(NULL)                               = 0x56155e3be000
mmap(NULL, 8192, PROT_READ|PROT_WRITE, MAP_PRIVATE|MAP_ANONYMOUS, -1, 0) = 0x7f39c4be9000
access("/etc/ld.so.preload", R_OK)      = -1 ENOENT (Нет такого файла или каталога)
openat(AT_FDCWD, "/opt/mmbeltunnel/build/local/lib/glibc-hwcaps/x86-64-v3/libssl.so.1.1", O_RDONLY|O_CLOEXEC) = -1 ENOENT (Нет такого файла или каталога)
newfstatat(AT_FDCWD, "/opt/mmbeltunnel/build/local/lib/glibc-hwcaps/x86-64-v3", 0x7ffdcb3f5c40, 0) = -1 ENOENT (Нет такого файла или каталога)
openat(AT_FDCWD, "/opt/mmbeltunnel/build/local/lib/glibc-hwcaps/x86-64-v2/libssl.so.1.1", O_RDONLY|O_CLOEXEC) = -1 ENOENT (Нет такого файла или каталога)
newfstatat(AT_FDCWD, "/opt/mmbeltunnel/build/local/lib/glibc-hwcaps/x86-64-v2", 0x7ffdcb3f5c40, 0) = -1 ENOENT (Нет такого файла или каталога)
openat(AT_FDCWD, "/opt/mmbeltunnel/build/local/lib/tls/haswell/x86_64/libssl.so.1.1", O_RDONLY|O_CLOEXEC) = -1 ENOENT (Нет такого файла или каталога)
newfstatat(AT_FDCWD, "/opt/mmbeltunnel/build/local/lib/tls/haswell/x86_64", 0x7ffdcb3f5c40, 0) = -1 ENOENT (Нет такого файла или каталога)
openat(AT_FDCWD, "/opt/mmbeltunnel/build/local/lib/tls/haswell/libssl.so.1.1", O_RDONLY|O_CLOEXEC) = -1 ENOENT (Нет такого файла или каталога)
newfstatat(AT_FDCWD, "/opt/mmbeltunnel/build/local/lib/tls/haswell", 0x7ffdcb3f5c40, 0) = -1 ENOENT (Нет такого файла или каталога)
openat(AT_FDCWD, "/opt/mmbeltunnel/build/local/lib/tls/x86_64/libssl.so.1.1", O_RDONLY|O_CLOEXEC) = -1 ENOENT (Нет такого файла или каталога)
newfstatat(AT_FDCWD, "/opt/mmbeltunnel/build/local/lib/tls/x86_64", 0x7ffdcb3f5c40, 0) = -1 ENOENT (Нет такого файла или каталога)
openat(AT_FDCWD, "/opt/mmbeltunnel/build/local/lib/tls/libssl.so.1.1", O_RDONLY|O_CLOEXEC) = -1 ENOENT (Нет такого файла или каталога)
newfstatat(AT_FDCWD, "/opt/mmbeltunnel/build/local/lib/tls", 0x7ffdcb3f5c40, 0) = -1 ENOENT (Нет такого файла или каталога)
openat(AT_FDCWD, "/opt/mmbeltunnel/build/local/lib/haswell/x86_64/libssl.so.1.1", O_RDONLY|O_CLOEXEC) = -1 ENOENT (Нет такого файла или каталога)
newfstatat(AT_FDCWD, "/opt/mmbeltunnel/build/local/lib/haswell/x86_64", 0x7ffdcb3f5c40, 0) = -1 ENOENT (Нет такого файла или каталога)
openat(AT_FDCWD, "/opt/mmbeltunnel/build/local/lib/haswell/libssl.so.1.1", O_RDONLY|O_CLOEXEC) = -1 ENOENT (Нет такого файла или каталога)
newfstatat(AT_FDCWD, "/opt/mmbeltunnel/build/local/lib/haswell", 0x7ffdcb3f5c40, 0) = -1 ENOENT (Нет такого файла или каталога)
openat(AT_FDCWD, "/opt/mmbeltunnel/build/local/lib/x86_64/libssl.so.1.1", O_RDONLY|O_CLOEXEC) = -1 ENOENT (Нет такого файла или каталога)
newfstatat(AT_FDCWD, "/opt/mmbeltunnel/build/local/lib/x86_64", 0x7ffdcb3f5c40, 0) = -1 ENOENT (Нет такого файла или каталога)
openat(AT_FDCWD, "/opt/mmbeltunnel/build/local/lib/libssl.so.1.1", O_RDONLY|O_CLOEXEC) = 3
read(3, "\177ELF\2\1\1\0\0\0\0\0\0\0\0\0\3\0>\0\1\0\0\0\0\0\0\0\0\0\0\0"..., 832) = 832
newfstatat(3, "", {st_mode=S_IFREG|0755, st_size=9656720, ...}, AT_EMPTY_PATH) = 0
mmap(NULL, 8469144, PROT_READ, MAP_PRIVATE|MAP_DENYWRITE, 3, 0) = 0x7f39c4200000
mmap(0x7f39c457e000, 446464, PROT_READ|PROT_EXEC, MAP_PRIVATE|MAP_FIXED|MAP_DENYWRITE, 3, 0x37e000) = 0x7f39c457e000
mmap(0x7f39c45eb000, 2252800, PROT_READ, MAP_PRIVATE|MAP_FIXED|MAP_DENYWRITE, 3, 0x3eb000) = 0x7f39c45eb000
mmap(0x7f39c4811000, 2109440, PROT_READ|PROT_WRITE, MAP_PRIVATE|MAP_FIXED|MAP_DENYWRITE, 3, 0x611000) = 0x7f39c4811000
close(3)                                = 0
openat(AT_FDCWD, "/opt/mmbeltunnel/build/local/lib/libcrypto.so.1.1", O_RDONLY|O_CLOEXEC) = 3
read(3, "\177ELF\2\1\1\0\0\0\0\0\0\0\0\0\3\0>\0\1\0\0\0\0\0\0\0\0\0\0\0"..., 832) = 832
newfstatat(3, "", {st_mode=S_IFREG|0755, st_size=6933232, ...}, AT_EMPTY_PATH) = 0
mmap(NULL, 3398640, PROT_READ, MAP_PRIVATE|MAP_DENYWRITE, 3, 0) = 0x7f39c3e00000
mmap(0x7f39c3e77000, 2097152, PROT_READ|PROT_EXEC, MAP_PRIVATE|MAP_FIXED|MAP_DENYWRITE, 3, 0x77000) = 0x7f39c3e77000
mmap(0x7f39c4077000, 610304, PROT_READ, MAP_PRIVATE|MAP_FIXED|MAP_DENYWRITE, 3, 0x277000) = 0x7f39c4077000
mmap(0x7f39c410c000, 188416, PROT_READ|PROT_WRITE, MAP_PRIVATE|MAP_FIXED|MAP_DENYWRITE, 3, 0x30b000) = 0x7f39c410c000
mmap(0x7f39c413a000, 15344, PROT_READ|PROT_WRITE, MAP_PRIVATE|MAP_FIXED|MAP_ANONYMOUS, -1, 0) = 0x7f39c413a000
close(3)                                = 0
openat(AT_FDCWD, "/opt/mmbeltunnel/build/local/lib/libc.so.6", O_RDONLY|O_CLOEXEC) = -1 ENOENT (Нет такого файла или каталога)
openat(AT_FDCWD, "/etc/ld.so.cache", O_RDONLY|O_CLOEXEC) = 3
newfstatat(3, "", {st_mode=S_IFREG|0644, st_size=71830, ...}, AT_EMPTY_PATH) = 0
mmap(NULL, 71830, PROT_READ, MAP_PRIVATE, 3, 0) = 0x7f39c4bd7000
close(3)                                = 0
openat(AT_FDCWD, "/lib/x86_64-linux-gnu/libc.so.6", O_RDONLY|O_CLOEXEC) = 3
read(3, "\177ELF\2\1\1\3\0\0\0\0\0\0\0\0\3\0>\0\1\0\0\0\20t\2\0\0\0\0\0"..., 832) = 832
pread64(3, "\6\0\0\0\4\0\0\0@\0\0\0\0\0\0\0@\0\0\0\0\0\0\0@\0\0\0\0\0\0\0"..., 784, 64) = 784
newfstatat(3, "", {st_mode=S_IFREG|0755, st_size=1922136, ...}, AT_EMPTY_PATH) = 0
pread64(3, "\6\0\0\0\4\0\0\0@\0\0\0\0\0\0\0@\0\0\0\0\0\0\0@\0\0\0\0\0\0\0"..., 784, 64) = 784
mmap(NULL, 1970000, PROT_READ, MAP_PRIVATE|MAP_DENYWRITE, 3, 0) = 0x7f39c3c1f000
mmap(0x7f39c3c45000, 1396736, PROT_READ|PROT_EXEC, MAP_PRIVATE|MAP_FIXED|MAP_DENYWRITE, 3, 0x26000) = 0x7f39c3c45000
mmap(0x7f39c3d9a000, 339968, PROT_READ, MAP_PRIVATE|MAP_FIXED|MAP_DENYWRITE, 3, 0x17b000) = 0x7f39c3d9a000
mmap(0x7f39c3ded000, 24576, PROT_READ|PROT_WRITE, MAP_PRIVATE|MAP_FIXED|MAP_DENYWRITE, 3, 0x1ce000) = 0x7f39c3ded000
mmap(0x7f39c3df3000, 53072, PROT_READ|PROT_WRITE, MAP_PRIVATE|MAP_FIXED|MAP_ANONYMOUS, -1, 0) = 0x7f39c3df3000
close(3)                                = 0
mmap(NULL, 8192, PROT_READ|PROT_WRITE, MAP_PRIVATE|MAP_ANONYMOUS, -1, 0) = 0x7f39c4bd5000
arch_prctl(ARCH_SET_FS, 0x7f39c4bd5b80) = 0
set_tid_address(0x7f39c4bd5e50)         = 45665
set_robust_list(0x7f39c4bd5e60, 24)     = 0
rseq(0x7f39c4bd64a0, 0x20, 0, 0x53053053) = 0
mprotect(0x7f39c3ded000, 16384, PROT_READ) = 0
mprotect(0x7f39c410c000, 176128, PROT_READ) = 0
mprotect(0x7f39c4811000, 2088960, PROT_READ) = 0
mprotect(0x56155d72e000, 4096, PROT_READ) = 0
mprotect(0x7f39c4c1b000, 8192, PROT_READ) = 0
prlimit64(0, RLIMIT_STACK, NULL, {rlim_cur=8192*1024, rlim_max=RLIM64_INFINITY}) = 0
munmap(0x7f39c4bd7000, 71830)           = 0
newfstatat(AT_FDCWD, "program.pid", 0x7ffdcb3f6970, 0) = -1 ENOENT (Нет такого файла или каталога)
getrandom("\xdc\x48\xb4\x70\xec\x0f\x99\x21", 8, GRND_NONBLOCK) = 8
brk(NULL)                               = 0x56155e3be000
brk(0x56155e3df000)                     = 0x56155e3df000
openat(AT_FDCWD, "program.pid", O_WRONLY|O_CREAT|O_TRUNC, 0666) = 3
getpid()                                = 45665
newfstatat(3, "", {st_mode=S_IFREG|0644, st_size=0, ...}, AT_EMPTY_PATH) = 0
write(3, "45665", 5)                    = 5
close(3)                                = 0
openat(AT_FDCWD, "server.log", O_WRONLY|O_CREAT|O_APPEND, 0666) = 3
lseek(3, 0, SEEK_END)                   = 0
openat(AT_FDCWD, "/etc/localtime", O_RDONLY|O_CLOEXEC) = 4
newfstatat(4, "", {st_mode=S_IFREG|0644, st_size=1321, ...}, AT_EMPTY_PATH) = 0
newfstatat(4, "", {st_mode=S_IFREG|0644, st_size=1321, ...}, AT_EMPTY_PATH) = 0
read(4, "TZif2\0\0\0\0\0\0\0\0\0\0\0\0\0\0\0\0\0\0\0\0\0\0\r\0\0\0\0"..., 4096) = 1321
lseek(4, -803, SEEK_CUR)                = 518
read(4, "TZif2\0\0\0\0\0\0\0\0\0\0\0\0\0\0\0\0\0\0\0\0\0\0\r\0\0\0\0"..., 4096) = 803
close(4)                                = 0
newfstatat(3, "", {st_mode=S_IFREG|0644, st_size=0, ...}, AT_EMPTY_PATH) = 0
write(3, "[2024-03-13 11:06:11] [INFO]: Ap"..., 50) = 50
close(3)                                = 0
newfstatat(1, "", {st_mode=S_IFREG|0644, st_size=8444, ...}, AT_EMPTY_PATH) = 0
openat(AT_FDCWD, "server.log", O_WRONLY|O_CREAT|O_APPEND, 0666) = 3
lseek(3, 0, SEEK_END)                   = 50
newfstatat(AT_FDCWD, "/etc/localtime", {st_mode=S_IFREG|0644, st_size=1321, ...}, 0) = 0
newfstatat(3, "", {st_mode=S_IFREG|0644, st_size=50, ...}, AT_EMPTY_PATH) = 0
write(3, "[2024-03-13 11:06:11] [INFO]: Se"..., 60) = 60
close(3)                                = 0
socket(AF_INET, SOCK_STREAM, IPPROTO_IP) = 3
setsockopt(3, SOL_SOCKET, SO_REUSEADDR, [1], 4) = 0
bind(3, {sa_family=AF_INET, sin_port=htons(5412), sin_addr=inet_addr("127.0.0.1")}, 16) = 0
listen(3, 1)                            = 0
openat(AT_FDCWD, "server.log", O_WRONLY|O_CREAT|O_APPEND, 0666) = 4
lseek(4, 0, SEEK_END)                   = 110
newfstatat(AT_FDCWD, "/etc/localtime", {st_mode=S_IFREG|0644, st_size=1321, ...}, 0) = 0
newfstatat(4, "", {st_mode=S_IFREG|0644, st_size=110, ...}, AT_EMPTY_PATH) = 0
write(4, "[2024-03-13 11:06:11] [INFO]: Es"..., 64) = 64
close(4)                                = 0
openat(AT_FDCWD, "server.log", O_WRONLY|O_CREAT|O_APPEND, 0666) = 4
lseek(4, 0, SEEK_END)                   = 174
newfstatat(AT_FDCWD, "/etc/localtime", {st_mode=S_IFREG|0644, st_size=1321, ...}, 0) = 0
newfstatat(4, "", {st_mode=S_IFREG|0644, st_size=174, ...}, AT_EMPTY_PATH) = 0
write(4, "[2024-03-13 11:06:11] [INFO]: Cr"..., 51) = 51
close(4)                                = 0
openat(AT_FDCWD, "server.log", O_WRONLY|O_CREAT|O_APPEND, 0666) = 4
lseek(4, 0, SEEK_END)                   = 225
newfstatat(AT_FDCWD, "/etc/localtime", {st_mode=S_IFREG|0644, st_size=1321, ...}, 0) = 0
newfstatat(4, "", {st_mode=S_IFREG|0644, st_size=225, ...}, AT_EMPTY_PATH) = 0
write(4, "[2024-03-13 11:06:11] [INFO]: In"..., 51) = 51
close(4)                                = 0
futex(0x7f39c413c530, FUTEX_WAKE_PRIVATE, 2147483647) = 0
futex(0x7f39c413c3d8, FUTEX_WAKE_PRIVATE, 2147483647) = 0
futex(0x7f39c413c3e4, FUTEX_WAKE_PRIVATE, 2147483647) = 0
futex(0x7f39c413c3ec, FUTEX_WAKE_PRIVATE, 2147483647) = 0
futex(0x7f39c413c400, FUTEX_WAKE_PRIVATE, 2147483647) = 0
futex(0x7f39c413c408, FUTEX_WAKE_PRIVATE, 2147483647) = 0
futex(0x7f39c4139878, FUTEX_WAKE_PRIVATE, 2147483647) = 0
futex(0x7f39c413c368, FUTEX_WAKE_PRIVATE, 2147483647) = 0
futex(0x7f39c4139940, FUTEX_WAKE_PRIVATE, 2147483647) = 0
futex(0x7f39c413994c, FUTEX_WAKE_PRIVATE, 2147483647) = 0
futex(0x7f39c413c3f4, FUTEX_WAKE_PRIVATE, 2147483647) = 0
futex(0x7f39c413c438, FUTEX_WAKE_PRIVATE, 2147483647) = 0
futex(0x7f39c413c440, FUTEX_WAKE_PRIVATE, 2147483647) = 0
openat(AT_FDCWD, "/opt/mmbeltunnel//build/local/openssl.cnf", O_RDONLY) = -1 ENOENT (Нет такого файла или каталога)
futex(0x7f39c413c410, FUTEX_WAKE_PRIVATE, 2147483647) = 0
futex(0x7f39c4a13948, FUTEX_WAKE_PRIVATE, 2147483647) = 0
sysinfo({uptime=2548, loads=[31808, 57728, 59200], totalram=8195399680, freeram=5296705536, sharedram=138596352, bufferram=96509952, totalswap=17177767936, freeswap=17177767936, procs=463, totalhigh=0, freehigh=0, mem_unit=1}) = 0
futex(0x7f39c4a13a78, FUTEX_WAKE_PRIVATE, 2147483647) = 0
brk(0x56155e400000)                     = 0x56155e400000
futex(0x7f39c4a13a84, FUTEX_WAKE_PRIVATE, 2147483647) = 0
openat(AT_FDCWD, "server.log", O_WRONLY|O_CREAT|O_APPEND, 0666) = 4
lseek(4, 0, SEEK_END)                   = 276
newfstatat(AT_FDCWD, "/etc/localtime", {st_mode=S_IFREG|0644, st_size=1321, ...}, 0) = 0
newfstatat(4, "", {st_mode=S_IFREG|0644, st_size=276, ...}, AT_EMPTY_PATH) = 0
write(4, "[2024-03-13 11:06:11] [INFO]: Cr"..., 55) = 55
close(4)                                = 0
futex(0x7f39c4a13868, FUTEX_WAKE_PRIVATE, 2147483647) = 0
futex(0x7f39c413c598, FUTEX_WAKE_PRIVATE, 2147483647) = 0
getpid()                                = 45665
getrandom("\xd1\x94\x0b\x15\xce\xca\x30\xab\xdd\xc7\x9e\xa3\x1c\x8e\x61\x87\x8a\x8d\xa1\x0d\x35\xba\x4d\xe6\xb7\x14\xb0\xa5\x9b\x88\x06\x14", 32, 0) = 32
getpid()                                = 45665
futex(0x7f39c413c568, FUTEX_WAKE_PRIVATE, 2147483647) = 0
getpid()                                = 45665
getpid()                                = 45665
getpid()                                = 45665
getpid()                                = 45665
getpid()                                = 45665
getpid()                                = 45665
getpid()                                = 45665
getpid()                                = 45665
getpid()                                = 45665
getpid()                                = 45665
getpid()                                = 45665
getpid()                                = 45665
openat(AT_FDCWD, "server.log", O_WRONLY|O_CREAT|O_APPEND, 0666) = 4
lseek(4, 0, SEEK_END)                   = 331
newfstatat(AT_FDCWD, "/etc/localtime", {st_mode=S_IFREG|0644, st_size=1321, ...}, 0) = 0
newfstatat(4, "", {st_mode=S_IFREG|0644, st_size=331, ...}, AT_EMPTY_PATH) = 0
write(4, "[2024-03-13 11:06:11] [INFO]: Lo"..., 55) = 55
close(4)                                = 0
openat(AT_FDCWD, "server.log", O_WRONLY|O_CREAT|O_APPEND, 0666) = 4
lseek(4, 0, SEEK_END)                   = 386
newfstatat(AT_FDCWD, "/etc/localtime", {st_mode=S_IFREG|0644, st_size=1321, ...}, 0) = 0
newfstatat(4, "", {st_mode=S_IFREG|0644, st_size=386, ...}, AT_EMPTY_PATH) = 0
write(4, "[2024-03-13 11:06:11] [INFO]: Lo"..., 65) = 65
close(4)                                = 0
openat(AT_FDCWD, "./cert.pem", O_RDONLY) = 4
newfstatat(4, "", {st_mode=S_IFREG|0640, st_size=583, ...}, AT_EMPTY_PATH) = 0
read(4, "-----BEGIN CERTIFICATE-----\nMIIB"..., 4096) = 583
close(4)                                = 0
openat(AT_FDCWD, "server.log", O_WRONLY|O_CREAT|O_APPEND, 0666) = 4
lseek(4, 0, SEEK_END)                   = 451
newfstatat(AT_FDCWD, "/etc/localtime", {st_mode=S_IFREG|0644, st_size=1321, ...}, 0) = 0
newfstatat(4, "", {st_mode=S_IFREG|0644, st_size=451, ...}, AT_EMPTY_PATH) = 0
write(4, "[2024-03-13 11:06:11] [ERROR]: E"..., 477) = 477
close(4)                                = 0
write(2, "Error occurred: Failed to load s"..., 57Error occurred: Failed to load server certificate or key
) = 57
unlink("program.pid")                   = 0
write(1, "Initializing unencrypted socket."..., 72Initializing unencrypted socket...
Establishing encrypted connection...
) = 72
exit_group(1)                           = ?
+++ exited with 1 +++
